20:03:17 **** Incremental Build of configuration Debug for project pocketcalculatorlib ****
make all 
make: Nothing to be done for `all'.
20:03:18 **** Incremental Build of configuration Debug for project testPocketcalculatorlib ****
make all 
Building file: ../src/Test.cpp
Invoking: GCC C++ Compiler
g++ -I"/home/hsr/prog3/e3/pocketcalculatorlib" -I"/home/hsr/prog3/e3/testPocketcalculatorlib/cute" -O0 -g3 -Wall -c -fmessage-length=0 -MMD -MP -MF"src/Test.d" -MT"src/Test.d" -o "src/Test.o" "../src/Test.cpp"
Finished building: ../src/Test.cpp
 
Building target: testPocketcalculatorlib
Invoking: GCC C++ Linker
g++ -L"/home/hsr/prog3/e3/pocketcalculatorlib/Debug" -o "testPocketcalculatorlib"  ./src/Test.o   -lpocketcalculatorlib
Finished building target: testPocketcalculatorlib
 
20:03:27 **** Incremental Build of configuration Debug for project pocketcalculatorlib ****
make all 
make: Nothing to be done for `all'.
20:03:28 **** Incremental Build of configuration Debug for project pocketcalculatorlib ****
make all 
make: Nothing to be done for `all'.
20:03:28 **** Incremental Build of configuration Debug for project testPocketcalculatorlib ****
make all 
make: Nothing to be done for `all'.
20:03:51 **** Incremental Build of configuration Debug for project pocketcalculatorlib ****
make all 
make: Nothing to be done for `all'.
20:03:51 **** Incremental Build of configuration Debug for project testPocketcalculatorlib ****
make all 
Building file: ../src/Test.cpp
Invoking: GCC C++ Compiler
g++ -I"/home/hsr/prog3/e3/pocketcalculatorlib" -I"/home/hsr/prog3/e3/testPocketcalculatorlib/cute" -O0 -g3 -Wall -c -fmessage-length=0 -MMD -MP -MF"src/Test.d" -MT"src/Test.d" -o "src/Test.o" "../src/Test.cpp"
Finished building: ../src/Test.cpp
 
Building target: testPocketcalculatorlib
Invoking: GCC C++ Linker
g++ -L"/home/hsr/prog3/e3/pocketcalculatorlib/Debug" -o "testPocketcalculatorlib"  ./src/Test.o   -lpocketcalculatorlib
Finished building target: testPocketcalculatorlib
 
20:03:59 **** Incremental Build of configuration Debug for project pocketcalculatorlib ****
make all 
make: Nothing to be done for `all'.
20:03:59 **** Incremental Build of configuration Debug for project pocketcalculatorlib ****
make all 
make: Nothing to be done for `all'.
20:03:59 **** Incremental Build of configuration Debug for project testPocketcalculatorlib ****
make all 
make: Nothing to be done for `all'.
20:05:14 **** Incremental Build of configuration Debug for project pocketcalculatorlib ****
make all 
make: Nothing to be done for `all'.
20:05:14 **** Incremental Build of configuration Debug for project testPocketcalculatorlib ****
make all 
Building file: ../src/Test.cpp
Invoking: GCC C++ Compiler
g++ -I"/home/hsr/prog3/e3/pocketcalculatorlib" -I"/home/hsr/prog3/e3/testPocketcalculatorlib/cute" -O0 -g3 -Wall -c -fmessage-length=0 -MMD -MP -MF"src/Test.d" -MT"src/Test.d" -o "src/Test.o" "../src/Test.cpp"
Finished building: ../src/Test.cpp
 
Building target: testPocketcalculatorlib
Invoking: GCC C++ Linker
g++ -L"/home/hsr/prog3/e3/pocketcalculatorlib/Debug" -o "testPocketcalculatorlib"  ./src/Test.o   -lpocketcalculatorlib
Finished building target: testPocketcalculatorlib
 
20:05:20 **** Incremental Build of configuration Debug for project pocketcalculatorlib ****
make all 
make: Nothing to be done for `all'.
20:05:20 **** Incremental Build of configuration Debug for project pocketcalculatorlib ****
make all 
make: Nothing to be done for `all'.
20:05:20 **** Incremental Build of configuration Debug for project testPocketcalculatorlib ****
make all 
make: Nothing to be done for `all'.
20:05:57 **** Incremental Build of configuration Debug for project pocketcalculatorlib ****
make all 
make: Nothing to be done for `all'.
20:05:57 **** Incremental Build of configuration Debug for project pocketcalculatorlib ****
make all 
make: Nothing to be done for `all'.
20:05:58 **** Incremental Build of configuration Debug for project testPocketcalculatorlib ****
make all 
Building file: ../src/Test.cpp
Invoking: GCC C++ Compiler
g++ -I"/home/hsr/prog3/e3/pocketcalculatorlib" -I"/home/hsr/prog3/e3/testPocketcalculatorlib/cute" -O0 -g3 -Wall -c -fmessage-length=0 -MMD -MP -MF"src/Test.d" -MT"src/Test.d" -o "src/Test.o" "../src/Test.cpp"
Finished building: ../src/Test.cpp
 
Building target: testPocketcalculatorlib
Invoking: GCC C++ Linker
g++ -L"/home/hsr/prog3/e3/pocketcalculatorlib/Debug" -o "testPocketcalculatorlib"  ./src/Test.o   -lpocketcalculatorlib
Finished building target: testPocketcalculatorlib
 
20:07:29 **** Incremental Build of configuration Debug for project pocketcalculatorlib ****
make all 
make: Nothing to be done for `all'.
20:07:30 **** Incremental Build of configuration Debug for project pocketcalculatorlib ****
make all 
make: Nothing to be done for `all'.
20:07:30 **** Incremental Build of configuration Debug for project testPocketcalculatorlib ****
make all 
Building file: ../src/Test.cpp
Invoking: GCC C++ Compiler
g++ -I"/home/hsr/prog3/e3/pocketcalculatorlib" -I"/home/hsr/prog3/e3/testPocketcalculatorlib/cute" -O0 -g3 -Wall -c -fmessage-length=0 -MMD -MP -MF"src/Test.d" -MT"src/Test.d" -o "src/Test.o" "../src/Test.cpp"
Finished building: ../src/Test.cpp
 
Building target: testPocketcalculatorlib
Invoking: GCC C++ Linker
g++ -L"/home/hsr/prog3/e3/pocketcalculatorlib/Debug" -o "testPocketcalculatorlib"  ./src/Test.o   -lpocketcalculatorlib
Finished building target: testPocketcalculatorlib
 
20:11:29 **** Incremental Build of configuration Debug for project pocketcalculatorlib ****
make all 
make: Nothing to be done for `all'.
20:11:29 **** Incremental Build of configuration Debug for project pocketcalculatorlib ****
make all 
make: Nothing to be done for `all'.
20:11:29 **** Incremental Build of configuration Debug for project testPocketcalculatorlib ****
make all 
Building file: ../src/Test.cpp
Invoking: GCC C++ Compiler
g++ -I"/home/hsr/prog3/e3/pocketcalculatorlib" -I"/home/hsr/prog3/e3/testPocketcalculatorlib/cute" -O0 -g3 -Wall -c -fmessage-length=0 -MMD -MP -MF"src/Test.d" -MT"src/Test.d" -o "src/Test.o" "../src/Test.cpp"
Finished building: ../src/Test.cpp
 
Building target: testPocketcalculatorlib
Invoking: GCC C++ Linker
g++ -L"/home/hsr/prog3/e3/pocketcalculatorlib/Debug" -o "testPocketcalculatorlib"  ./src/Test.o   -lpocketcalculatorlib
Finished building target: testPocketcalculatorlib
 
20:12:15 **** Incremental Build of configuration Debug for project pocketcalculatorlib ****
make all 
make: Nothing to be done for `all'.
20:12:16 **** Incremental Build of configuration Debug for project pocketcalculatorlib ****
make all 
make: Nothing to be done for `all'.
20:12:16 **** Incremental Build of configuration Debug for project testPocketcalculatorlib ****
make all 
Building file: ../src/Test.cpp
Invoking: GCC C++ Compiler
g++ -I"/home/hsr/prog3/e3/pocketcalculatorlib" -I"/home/hsr/prog3/e3/testPocketcalculatorlib/cute" -O0 -g3 -Wall -c -fmessage-length=0 -MMD -MP -MF"src/Test.d" -MT"src/Test.d" -o "src/Test.o" "../src/Test.cpp"
Finished building: ../src/Test.cpp
 
Building target: testPocketcalculatorlib
Invoking: GCC C++ Linker
g++ -L"/home/hsr/prog3/e3/pocketcalculatorlib/Debug" -o "testPocketcalculatorlib"  ./src/Test.o   -lpocketcalculatorlib
Finished building target: testPocketcalculatorlib
 
20:12:28 **** Incremental Build of configuration Debug for project pocketcalculatorlib ****
make all 
make: Nothing to be done for `all'.
20:12:28 **** Incremental Build of configuration Debug for project pocketcalculatorlib ****
make all 
make: Nothing to be done for `all'.
20:12:28 **** Incremental Build of configuration Debug for project testPocketcalculatorlib ****
make all 
Building file: ../src/Test.cpp
Invoking: GCC C++ Compiler
g++ -I"/home/hsr/prog3/e3/pocketcalculatorlib" -I"/home/hsr/prog3/e3/testPocketcalculatorlib/cute" -O0 -g3 -Wall -c -fmessage-length=0 -MMD -MP -MF"src/Test.d" -MT"src/Test.d" -o "src/Test.o" "../src/Test.cpp"
Finished building: ../src/Test.cpp
 
Building target: testPocketcalculatorlib
Invoking: GCC C++ Linker
g++ -L"/home/hsr/prog3/e3/pocketcalculatorlib/Debug" -o "testPocketcalculatorlib"  ./src/Test.o   -lpocketcalculatorlib
Finished building target: testPocketcalculatorlib
 
20:12:50 **** Incremental Build of configuration Debug for project pocketcalculatorlib ****
make all 
make: Nothing to be done for `all'.
20:12:50 **** Incremental Build of configuration Debug for project pocketcalculatorlib ****
make all 
make: Nothing to be done for `all'.
20:12:50 **** Incremental Build of configuration Debug for project testPocketcalculatorlib ****
make all 
Building file: ../src/Test.cpp
Invoking: GCC C++ Compiler
g++ -I"/home/hsr/prog3/e3/pocketcalculatorlib" -I"/home/hsr/prog3/e3/testPocketcalculatorlib/cute" -O0 -g3 -Wall -c -fmessage-length=0 -MMD -MP -MF"src/Test.d" -MT"src/Test.d" -o "src/Test.o" "../src/Test.cpp"
Finished building: ../src/Test.cpp
 
Building target: testPocketcalculatorlib
Invoking: GCC C++ Linker
g++ -L"/home/hsr/prog3/e3/pocketcalculatorlib/Debug" -o "testPocketcalculatorlib"  ./src/Test.o   -lpocketcalculatorlib
Finished building target: testPocketcalculatorlib
 
20:13:05 **** Incremental Build of configuration Debug for project pocketcalculatorlib ****
make all 
make: Nothing to be done for `all'.
20:13:05 **** Incremental Build of configuration Debug for project pocketcalculatorlib ****
make all 
make: Nothing to be done for `all'.
20:13:05 **** Incremental Build of configuration Debug for project testPocketcalculatorlib ****
make all 
Building file: ../src/Test.cpp
Invoking: GCC C++ Compiler
g++ -I"/home/hsr/prog3/e3/pocketcalculatorlib" -I"/home/hsr/prog3/e3/testPocketcalculatorlib/cute" -O0 -g3 -Wall -c -fmessage-length=0 -MMD -MP -MF"src/Test.d" -MT"src/Test.d" -o "src/Test.o" "../src/Test.cpp"
Finished building: ../src/Test.cpp
 
Building target: testPocketcalculatorlib
Invoking: GCC C++ Linker
g++ -L"/home/hsr/prog3/e3/pocketcalculatorlib/Debug" -o "testPocketcalculatorlib"  ./src/Test.o   -lpocketcalculatorlib
Finished building target: testPocketcalculatorlib
 
20:13:19 **** Incremental Build of configuration Debug for project pocketcalculatorlib ****
make all 
make: Nothing to be done for `all'.
20:13:20 **** Incremental Build of configuration Debug for project pocketcalculatorlib ****
make all 
make: Nothing to be done for `all'.
20:13:20 **** Incremental Build of configuration Debug for project testPocketcalculatorlib ****
make all 
Building file: ../src/Test.cpp
Invoking: GCC C++ Compiler
g++ -I"/home/hsr/prog3/e3/pocketcalculatorlib" -I"/home/hsr/prog3/e3/testPocketcalculatorlib/cute" -O0 -g3 -Wall -c -fmessage-length=0 -MMD -MP -MF"src/Test.d" -MT"src/Test.d" -o "src/Test.o" "../src/Test.cpp"
Finished building: ../src/Test.cpp
 
Building target: testPocketcalculatorlib
Invoking: GCC C++ Linker
g++ -L"/home/hsr/prog3/e3/pocketcalculatorlib/Debug" -o "testPocketcalculatorlib"  ./src/Test.o   -lpocketcalculatorlib
Finished building target: testPocketcalculatorlib
 
20:13:39 **** Incremental Build of configuration Debug for project pocketcalculatorlib ****
make all 
make: Nothing to be done for `all'.
20:13:39 **** Incremental Build of configuration Debug for project pocketcalculatorlib ****
make all 
make: Nothing to be done for `all'.
20:13:39 **** Incremental Build of configuration Debug for project testPocketcalculatorlib ****
make all 
Building file: ../src/Test.cpp
Invoking: GCC C++ Compiler
g++ -I"/home/hsr/prog3/e3/pocketcalculatorlib" -I"/home/hsr/prog3/e3/testPocketcalculatorlib/cute" -O0 -g3 -Wall -c -fmessage-length=0 -MMD -MP -MF"src/Test.d" -MT"src/Test.d" -o "src/Test.o" "../src/Test.cpp"
Finished building: ../src/Test.cpp
 
Building target: testPocketcalculatorlib
Invoking: GCC C++ Linker
g++ -L"/home/hsr/prog3/e3/pocketcalculatorlib/Debug" -o "testPocketcalculatorlib"  ./src/Test.o   -lpocketcalculatorlib
Finished building target: testPocketcalculatorlib
 
20:14:34 **** Incremental Build of configuration Debug for project pocketcalculatorlib ****
make all 
make: Nothing to be done for `all'.
20:14:35 **** Incremental Build of configuration Debug for project pocketcalculatorlib ****
make all 
make: Nothing to be done for `all'.
20:14:35 **** Incremental Build of configuration Debug for project testPocketcalculatorlib ****
make all 
Building file: ../src/Test.cpp
Invoking: GCC C++ Compiler
g++ -I"/home/hsr/prog3/e3/pocketcalculatorlib" -I"/home/hsr/prog3/e3/testPocketcalculatorlib/cute" -O0 -g3 -Wall -c -fmessage-length=0 -MMD -MP -MF"src/Test.d" -MT"src/Test.d" -o "src/Test.o" "../src/Test.cpp"
Finished building: ../src/Test.cpp
 
Building target: testPocketcalculatorlib
Invoking: GCC C++ Linker
g++ -L"/home/hsr/prog3/e3/pocketcalculatorlib/Debug" -o "testPocketcalculatorlib"  ./src/Test.o   -lpocketcalculatorlib
Finished building target: testPocketcalculatorlib
 
20:14:49 **** Incremental Build of configuration Debug for project pocketcalculatorlib ****
make all 
make: Nothing to be done for `all'.
20:14:49 **** Incremental Build of configuration Debug for project pocketcalculatorlib ****
make all 
make: Nothing to be done for `all'.
20:14:49 **** Incremental Build of configuration Debug for project testPocketcalculatorlib ****
make all 
Building file: ../src/Test.cpp
Invoking: GCC C++ Compiler
g++ -I"/home/hsr/prog3/e3/pocketcalculatorlib" -I"/home/hsr/prog3/e3/testPocketcalculatorlib/cute" -O0 -g3 -Wall -c -fmessage-length=0 -MMD -MP -MF"src/Test.d" -MT"src/Test.d" -o "src/Test.o" "../src/Test.cpp"
Finished building: ../src/Test.cpp
 
Building target: testPocketcalculatorlib
Invoking: GCC C++ Linker
g++ -L"/home/hsr/prog3/e3/pocketcalculatorlib/Debug" -o "testPocketcalculatorlib"  ./src/Test.o   -lpocketcalculatorlib
Finished building target: testPocketcalculatorlib
 
20:15:00 **** Incremental Build of configuration Debug for project pocketcalculatorlib ****
make all 
make: Nothing to be done for `all'.
20:15:00 **** Incremental Build of configuration Debug for project pocketcalculatorlib ****
make all 
make: Nothing to be done for `all'.
20:15:01 **** Incremental Build of configuration Debug for project testPocketcalculatorlib ****
make all 
Building file: ../src/Test.cpp
Invoking: GCC C++ Compiler
g++ -I"/home/hsr/prog3/e3/pocketcalculatorlib" -I"/home/hsr/prog3/e3/testPocketcalculatorlib/cute" -O0 -g3 -Wall -c -fmessage-length=0 -MMD -MP -MF"src/Test.d" -MT"src/Test.d" -o "src/Test.o" "../src/Test.cpp"
Finished building: ../src/Test.cpp
 
Building target: testPocketcalculatorlib
Invoking: GCC C++ Linker
g++ -L"/home/hsr/prog3/e3/pocketcalculatorlib/Debug" -o "testPocketcalculatorlib"  ./src/Test.o   -lpocketcalculatorlib
Finished building target: testPocketcalculatorlib
 
20:15:17 **** Incremental Build of configuration Debug for project pocketcalculatorlib ****
make all 
make: Nothing to be done for `all'.
20:15:18 **** Incremental Build of configuration Debug for project pocketcalculatorlib ****
make all 
make: Nothing to be done for `all'.
20:15:18 **** Incremental Build of configuration Debug for project testPocketcalculatorlib ****
make all 
Building file: ../src/Test.cpp
Invoking: GCC C++ Compiler
g++ -I"/home/hsr/prog3/e3/pocketcalculatorlib" -I"/home/hsr/prog3/e3/testPocketcalculatorlib/cute" -O0 -g3 -Wall -c -fmessage-length=0 -MMD -MP -MF"src/Test.d" -MT"src/Test.d" -o "src/Test.o" "../src/Test.cpp"
Finished building: ../src/Test.cpp
 
Building target: testPocketcalculatorlib
Invoking: GCC C++ Linker
g++ -L"/home/hsr/prog3/e3/pocketcalculatorlib/Debug" -o "testPocketcalculatorlib"  ./src/Test.o   -lpocketcalculatorlib
Finished building target: testPocketcalculatorlib
 
20:19:57 **** Incremental Build of configuration Debug for project pocketcalculatorlib ****
make all 
make: Nothing to be done for `all'.
20:19:57 **** Incremental Build of configuration Debug for project pocketcalculatorlib ****
make all 
make: Nothing to be done for `all'.
20:19:58 **** Incremental Build of configuration Debug for project testPocketcalculatorlib ****
make all 
Building file: ../src/Test.cpp
Invoking: GCC C++ Compiler
g++ -I"/home/hsr/prog3/e3/pocketcalculatorlib" -I"/home/hsr/prog3/e3/testPocketcalculatorlib/cute" -O0 -g3 -Wall -c -fmessage-length=0 -MMD -MP -MF"src/Test.d" -MT"src/Test.d" -o "src/Test.o" "../src/Test.cpp"
Finished building: ../src/Test.cpp
 
Building target: testPocketcalculatorlib
Invoking: GCC C++ Linker
g++ -L"/home/hsr/prog3/e3/pocketcalculatorlib/Debug" -o "testPocketcalculatorlib"  ./src/Test.o   -lpocketcalculatorlib
Finished building target: testPocketcalculatorlib
 
20:20:28 **** Incremental Build of configuration Debug for project pocketcalculatorlib ****
make all 
make: Nothing to be done for `all'.
20:20:28 **** Incremental Build of configuration Debug for project pocketcalculatorlib ****
make all 
make: Nothing to be done for `all'.
20:20:28 **** Incremental Build of configuration Debug for project testPocketcalculatorlib ****
make all 
Building file: ../src/Test.cpp
Invoking: GCC C++ Compiler
g++ -I"/home/hsr/prog3/e3/pocketcalculatorlib" -I"/home/hsr/prog3/e3/testPocketcalculatorlib/cute" -O0 -g3 -Wall -c -fmessage-length=0 -MMD -MP -MF"src/Test.d" -MT"src/Test.d" -o "src/Test.o" "../src/Test.cpp"
Finished building: ../src/Test.cpp
 
Building target: testPocketcalculatorlib
Invoking: GCC C++ Linker
g++ -L"/home/hsr/prog3/e3/pocketcalculatorlib/Debug" -o "testPocketcalculatorlib"  ./src/Test.o   -lpocketcalculatorlib
Finished building target: testPocketcalculatorlib
 
20:20:51 **** Incremental Build of configuration Debug for project pocketcalculatorlib ****
make all 
make: Nothing to be done for `all'.
20:20:52 **** Incremental Build of configuration Debug for project pocketcalculatorlib ****
make all 
make: Nothing to be done for `all'.
20:20:52 **** Incremental Build of configuration Debug for project testPocketcalculatorlib ****
make all 
Building file: ../src/Test.cpp
Invoking: GCC C++ Compiler
g++ -I"/home/hsr/prog3/e3/pocketcalculatorlib" -I"/home/hsr/prog3/e3/testPocketcalculatorlib/cute" -O0 -g3 -Wall -c -fmessage-length=0 -MMD -MP -MF"src/Test.d" -MT"src/Test.d" -o "src/Test.o" "../src/Test.cpp"
Finished building: ../src/Test.cpp
 
Building target: testPocketcalculatorlib
Invoking: GCC C++ Linker
g++ -L"/home/hsr/prog3/e3/pocketcalculatorlib/Debug" -o "testPocketcalculatorlib"  ./src/Test.o   -lpocketcalculatorlib
Finished building target: testPocketcalculatorlib
 
20:21:24 **** Incremental Build of configuration Debug for project pocketcalculatorlib ****
make all 
make: Nothing to be done for `all'.
20:21:24 **** Incremental Build of configuration Debug for project pocketcalculatorlib ****
make all 
make: Nothing to be done for `all'.
20:21:24 **** Incremental Build of configuration Debug for project testPocketcalculatorlib ****
make all 
Building file: ../src/Test.cpp
Invoking: GCC C++ Compiler
g++ -I"/home/hsr/prog3/e3/pocketcalculatorlib" -I"/home/hsr/prog3/e3/testPocketcalculatorlib/cute" -O0 -g3 -Wall -c -fmessage-length=0 -MMD -MP -MF"src/Test.d" -MT"src/Test.d" -o "src/Test.o" "../src/Test.cpp"
Finished building: ../src/Test.cpp
 
Building target: testPocketcalculatorlib
Invoking: GCC C++ Linker
g++ -L"/home/hsr/prog3/e3/pocketcalculatorlib/Debug" -o "testPocketcalculatorlib"  ./src/Test.o   -lpocketcalculatorlib
Finished building target: testPocketcalculatorlib
 
20:21:42 **** Incremental Build of configuration Debug for project pocketcalculatorlib ****
make all 
make: Nothing to be done for `all'.
20:21:42 **** Incremental Build of configuration Debug for project pocketcalculatorlib ****
make all 
make: Nothing to be done for `all'.
20:21:42 **** Incremental Build of configuration Debug for project testPocketcalculatorlib ****
make all 
Building file: ../src/Test.cpp
Invoking: GCC C++ Compiler
g++ -I"/home/hsr/prog3/e3/pocketcalculatorlib" -I"/home/hsr/prog3/e3/testPocketcalculatorlib/cute" -O0 -g3 -Wall -c -fmessage-length=0 -MMD -MP -MF"src/Test.d" -MT"src/Test.d" -o "src/Test.o" "../src/Test.cpp"
Finished building: ../src/Test.cpp
 
Building target: testPocketcalculatorlib
Invoking: GCC C++ Linker
g++ -L"/home/hsr/prog3/e3/pocketcalculatorlib/Debug" -o "testPocketcalculatorlib"  ./src/Test.o   -lpocketcalculatorlib
Finished building target: testPocketcalculatorlib
 
20:22:09 **** Incremental Build of configuration Debug for project pocketcalculatorlib ****
make all 
make: Nothing to be done for `all'.
20:22:09 **** Incremental Build of configuration Debug for project pocketcalculatorlib ****
make all 
make: Nothing to be done for `all'.
20:22:10 **** Incremental Build of configuration Debug for project testPocketcalculatorlib ****
make all 
Building file: ../src/Test.cpp
Invoking: GCC C++ Compiler
g++ -I"/home/hsr/prog3/e3/pocketcalculatorlib" -I"/home/hsr/prog3/e3/testPocketcalculatorlib/cute" -O0 -g3 -Wall -c -fmessage-length=0 -MMD -MP -MF"src/Test.d" -MT"src/Test.d" -o "src/Test.o" "../src/Test.cpp"
Finished building: ../src/Test.cpp
 
Building target: testPocketcalculatorlib
Invoking: GCC C++ Linker
g++ -L"/home/hsr/prog3/e3/pocketcalculatorlib/Debug" -o "testPocketcalculatorlib"  ./src/Test.o   -lpocketcalculatorlib
Finished building target: testPocketcalculatorlib
 
20:22:13 **** Incremental Build of configuration Debug for project pocketcalculatorlib ****
make all 
make: Nothing to be done for `all'.
20:22:13 **** Incremental Build of configuration Debug for project pocketcalculatorlib ****
make all 
make: Nothing to be done for `all'.
20:22:13 **** Incremental Build of configuration Debug for project testPocketcalculatorlib ****
make all 
make: Nothing to be done for `all'.
20:22:28 **** Incremental Build of configuration Debug for project pocketcalculatorlib ****
make all 
make: Nothing to be done for `all'.
20:22:28 **** Incremental Build of configuration Debug for project pocketcalculatorlib ****
make all 
make: Nothing to be done for `all'.
20:22:29 **** Incremental Build of configuration Debug for project testPocketcalculatorlib ****
make all 
Building file: ../src/Test.cpp
Invoking: GCC C++ Compiler
g++ -I"/home/hsr/prog3/e3/pocketcalculatorlib" -I"/home/hsr/prog3/e3/testPocketcalculatorlib/cute" -O0 -g3 -Wall -c -fmessage-length=0 -MMD -MP -MF"src/Test.d" -MT"src/Test.d" -o "src/Test.o" "../src/Test.cpp"
Finished building: ../src/Test.cpp
 
Building target: testPocketcalculatorlib
Invoking: GCC C++ Linker
g++ -L"/home/hsr/prog3/e3/pocketcalculatorlib/Debug" -o "testPocketcalculatorlib"  ./src/Test.o   -lpocketcalculatorlib
Finished building target: testPocketcalculatorlib
 
20:22:47 **** Incremental Build of configuration Debug for project pocketcalculatorlib ****
make all 
make: Nothing to be done for `all'.
20:22:47 **** Incremental Build of configuration Debug for project pocketcalculatorlib ****
make all 
make: Nothing to be done for `all'.
20:22:47 **** Incremental Build of configuration Debug for project testPocketcalculatorlib ****
make all 
Building file: ../src/Test.cpp
Invoking: GCC C++ Compiler
g++ -I"/home/hsr/prog3/e3/pocketcalculatorlib" -I"/home/hsr/prog3/e3/testPocketcalculatorlib/cute" -O0 -g3 -Wall -c -fmessage-length=0 -MMD -MP -MF"src/Test.d" -MT"src/Test.d" -o "src/Test.o" "../src/Test.cpp"
Finished building: ../src/Test.cpp
 
Building target: testPocketcalculatorlib
Invoking: GCC C++ Linker
g++ -L"/home/hsr/prog3/e3/pocketcalculatorlib/Debug" -o "testPocketcalculatorlib"  ./src/Test.o   -lpocketcalculatorlib
Finished building target: testPocketcalculatorlib
 
20:23:07 **** Incremental Build of configuration Debug for project pocketcalculatorlib ****
make all 
make: Nothing to be done for `all'.
20:23:07 **** Incremental Build of configuration Debug for project pocketcalculatorlib ****
make all 
make: Nothing to be done for `all'.
20:23:07 **** Incremental Build of configuration Debug for project testPocketcalculatorlib ****
make all 
Building file: ../src/Test.cpp
Invoking: GCC C++ Compiler
g++ -I"/home/hsr/prog3/e3/pocketcalculatorlib" -I"/home/hsr/prog3/e3/testPocketcalculatorlib/cute" -O0 -g3 -Wall -c -fmessage-length=0 -MMD -MP -MF"src/Test.d" -MT"src/Test.d" -o "src/Test.o" "../src/Test.cpp"
Finished building: ../src/Test.cpp
 
Building target: testPocketcalculatorlib
Invoking: GCC C++ Linker
g++ -L"/home/hsr/prog3/e3/pocketcalculatorlib/Debug" -o "testPocketcalculatorlib"  ./src/Test.o   -lpocketcalculatorlib
Finished building target: testPocketcalculatorlib
 
20:23:51 **** Incremental Build of configuration Debug for project pocketcalculatorlib ****
make all 
make: Nothing to be done for `all'.
20:23:51 **** Incremental Build of configuration Debug for project pocketcalculatorlib ****
make all 
make: Nothing to be done for `all'.
20:23:51 **** Incremental Build of configuration Debug for project testPocketcalculatorlib ****
make all 
Building file: ../src/Test.cpp
Invoking: GCC C++ Compiler
g++ -I"/home/hsr/prog3/e3/pocketcalculatorlib" -I"/home/hsr/prog3/e3/testPocketcalculatorlib/cute" -O0 -g3 -Wall -c -fmessage-length=0 -MMD -MP -MF"src/Test.d" -MT"src/Test.d" -o "src/Test.o" "../src/Test.cpp"
Finished building: ../src/Test.cpp
 
Building target: testPocketcalculatorlib
Invoking: GCC C++ Linker
g++ -L"/home/hsr/prog3/e3/pocketcalculatorlib/Debug" -o "testPocketcalculatorlib"  ./src/Test.o   -lpocketcalculatorlib
Finished building target: testPocketcalculatorlib
 
20:24:35 **** Incremental Build of configuration Debug for project pocketcalculatorlib ****
make all 
make: Nothing to be done for `all'.
20:24:35 **** Incremental Build of configuration Debug for project pocketcalculatorlib ****
make all 
make: Nothing to be done for `all'.
20:24:35 **** Incremental Build of configuration Debug for project testPocketcalculatorlib ****
make all 
Building file: ../src/Test.cpp
Invoking: GCC C++ Compiler
g++ -I"/home/hsr/prog3/e3/pocketcalculatorlib" -I"/home/hsr/prog3/e3/testPocketcalculatorlib/cute" -O0 -g3 -Wall -c -fmessage-length=0 -MMD -MP -MF"src/Test.d" -MT"src/Test.d" -o "src/Test.o" "../src/Test.cpp"
Finished building: ../src/Test.cpp
 
Building target: testPocketcalculatorlib
Invoking: GCC C++ Linker
g++ -L"/home/hsr/prog3/e3/pocketcalculatorlib/Debug" -o "testPocketcalculatorlib"  ./src/Test.o   -lpocketcalculatorlib
Finished building target: testPocketcalculatorlib
 
20:25:24 **** Incremental Build of configuration Debug for project pocketcalculatorlib ****
make all 
make: Nothing to be done for `all'.
20:25:24 **** Incremental Build of configuration Debug for project pocketcalculatorlib ****
make all 
make: Nothing to be done for `all'.
20:25:24 **** Incremental Build of configuration Debug for project testPocketcalculatorlib ****
make all 
Building file: ../src/Test.cpp
Invoking: GCC C++ Compiler
g++ -I"/home/hsr/prog3/e3/pocketcalculatorlib" -I"/home/hsr/prog3/e3/testPocketcalculatorlib/cute" -O0 -g3 -Wall -c -fmessage-length=0 -MMD -MP -MF"src/Test.d" -MT"src/Test.d" -o "src/Test.o" "../src/Test.cpp"
Finished building: ../src/Test.cpp
 
Building target: testPocketcalculatorlib
Invoking: GCC C++ Linker
g++ -L"/home/hsr/prog3/e3/pocketcalculatorlib/Debug" -o "testPocketcalculatorlib"  ./src/Test.o   -lpocketcalculatorlib
Finished building target: testPocketcalculatorlib
 
19:21:14 **** Incremental Build of configuration Debug for project pocketcalculatorlib ****
make all 
Building file: ../sevensegment.cpp
make: Warning: File `objects.mk' has modification time 2.5e+03 s in the future
Invoking: GCC C++ Compiler
g++ -O0 -g3 -Wall -c -fmessage-length=0 -MMD -MP -MF"sevensegment.d" -MT"sevensegment.d" -o "sevensegment.o" "../sevensegment.cpp"
Finished building: ../sevensegment.cpp
 
Building target: libpocketcalculatorlib.a
Invoking: GCC Archiver
ar -r  "libpocketcalculatorlib.a"  ./calc.o ./pocketcalculator.o ./sevensegment.o   
ar: creating libpocketcalculatorlib.a
Finished building target: libpocketcalculatorlib.a
 
make: warning:  Clock skew detected.  Your build may be incomplete.
19:21:23 **** Incremental Build of configuration Debug for project pocketcalculatorlib ****
make all 
make: Nothing to be done for `all'.
make: Warning: File `objects.mk' has modification time 2.5e+03 s in the future
make: warning:  Clock skew detected.  Your build may be incomplete.
19:21:23 **** Incremental Build of configuration Debug for project pocketcalculatorlib ****
make all 
make: Nothing to be done for `all'.
19:21:24 **** Build of configuration Debug for project main ****
make all 
Building target: main
Invoking: GCC C++ Linker
g++ -L"/home/hsr/prog3/e3/pocketcalculatorlib/Debug" -o "main"  ./main.o   -lpocketcalculatorlib
Finished building target: main
 
19:27:41 **** Incremental Build of configuration Debug for project pocketcalculatorlib ****
make all 
Building file: ../calc.cpp
Invoking: GCC C++ Compiler
g++ -O0 -g3 -Wall -c -fmessage-length=0 -MMD -MP -MF"calc.d" -MT"calc.d" -o "calc.o" "../calc.cpp"
Finished building: ../calc.cpp
 
Building file: ../pocketcalculator.cpp
Invoking: GCC C++ Compiler
g++ -O0 -g3 -Wall -c -fmessage-length=0 -MMD -MP -MF"pocketcalculator.d" -MT"pocketcalculator.d" -o "pocketcalculator.o" "../pocketcalculator.cpp"
Finished building: ../pocketcalculator.cpp
 
Building file: ../sevensegment.cpp
Invoking: GCC C++ Compiler
g++ -O0 -g3 -Wall -c -fmessage-length=0 -MMD -MP -MF"sevensegment.d" -MT"sevensegment.d" -o "sevensegment.o" "../sevensegment.cpp"
Finished building: ../sevensegment.cpp
 
Building target: libpocketcalculatorlib.a
Invoking: GCC Archiver
ar -r  "libpocketcalculatorlib.a"  ./calc.o ./pocketcalculator.o ./sevensegment.o   
ar: creating libpocketcalculatorlib.a
Finished building target: libpocketcalculatorlib.a
 
19:27:43 **** Incremental Build of configuration Debug for project pocketcalculatorlib ****
make all 
Building file: ../calc.cpp
Invoking: GCC C++ Compiler
g++ -O0 -g3 -Wall -c -fmessage-length=0 -MMD -MP -MF"calc.d" -MT"calc.d" -o "calc.o" "../calc.cpp"
Finished building: ../calc.cpp
 
Building file: ../pocketcalculator.cpp
Invoking: GCC C++ Compiler
g++ -O0 -g3 -Wall -c -fmessage-length=0 -MMD -MP -MF"pocketcalculator.d" -MT"pocketcalculator.d" -o "pocketcalculator.o" "../pocketcalculator.cpp"
Finished building: ../pocketcalculator.cpp
 
Building file: ../sevensegment.cpp
Invoking: GCC C++ Compiler
g++ -O0 -g3 -Wall -c -fmessage-length=0 -MMD -MP -MF"sevensegment.d" -MT"sevensegment.d" -o "sevensegment.o" "../sevensegment.cpp"
Finished building: ../sevensegment.cpp
 
Building target: libpocketcalculatorlib.a
Invoking: GCC Archiver
ar -r  "libpocketcalculatorlib.a"  ./calc.o ./pocketcalculator.o ./sevensegment.o   
ar: creating libpocketcalculatorlib.a
Finished building target: libpocketcalculatorlib.a
 
19:27:44 **** Incremental Build of configuration Debug for project testPocketcalculatorlib ****
make all 
Building file: ../src/Test.cpp
make: Warning: File `src/Test.d' has modification time 3.5e+03 s in the future
Invoking: GCC C++ Compiler
g++ -I"/home/hsr/prog3/e3/pocketcalculatorlib" -I"/home/hsr/prog3/e3/testPocketcalculatorlib/cute" -O0 -g3 -Wall -c -fmessage-length=0 -MMD -MP -MF"src/Test.d" -MT"src/Test.d" -o "src/Test.o" "../src/Test.cpp"
Finished building: ../src/Test.cpp
 
Building target: testPocketcalculatorlib
Invoking: GCC C++ Linker
g++ -L"/home/hsr/prog3/e3/pocketcalculatorlib/Debug" -o "testPocketcalculatorlib"  ./src/Test.o   -lpocketcalculatorlib
Finished building target: testPocketcalculatorlib
 
make: warning:  Clock skew detected.  Your build may be incomplete.
19:28:51 **** Incremental Build of configuration Debug for project pocketcalculatorlib ****
make all 
Building file: ../calc.cpp
Invoking: GCC C++ Compiler
g++ -O0 -g3 -Wall -c -fmessage-length=0 -MMD -MP -MF"calc.d" -MT"calc.d" -o "calc.o" "../calc.cpp"
Finished building: ../calc.cpp
 
Building file: ../pocketcalculator.cpp
Invoking: GCC C++ Compiler
g++ -O0 -g3 -Wall -c -fmessage-length=0 -MMD -MP -MF"pocketcalculator.d" -MT"pocketcalculator.d" -o "pocketcalculator.o" "../pocketcalculator.cpp"
Finished building: ../pocketcalculator.cpp
 
Building file: ../sevensegment.cpp
Invoking: GCC C++ Compiler
g++ -O0 -g3 -Wall -c -fmessage-length=0 -MMD -MP -MF"sevensegment.d" -MT"sevensegment.d" -o "sevensegment.o" "../sevensegment.cpp"
Finished building: ../sevensegment.cpp
 
Building target: libpocketcalculatorlib.a
Invoking: GCC Archiver
ar -r  "libpocketcalculatorlib.a"  ./calc.o ./pocketcalculator.o ./sevensegment.o   
ar: creating libpocketcalculatorlib.a
Finished building target: libpocketcalculatorlib.a
 
19:28:53 **** Incremental Build of configuration Debug for project pocketcalculatorlib ****
make all 
Building file: ../calc.cpp
Invoking: GCC C++ Compiler
g++ -O0 -g3 -Wall -c -fmessage-length=0 -MMD -MP -MF"calc.d" -MT"calc.d" -o "calc.o" "../calc.cpp"
Finished building: ../calc.cpp
 
Building file: ../pocketcalculator.cpp
Invoking: GCC C++ Compiler
g++ -O0 -g3 -Wall -c -fmessage-length=0 -MMD -MP -MF"pocketcalculator.d" -MT"pocketcalculator.d" -o "pocketcalculator.o" "../pocketcalculator.cpp"
Finished building: ../pocketcalculator.cpp
 
Building file: ../sevensegment.cpp
Invoking: GCC C++ Compiler
g++ -O0 -g3 -Wall -c -fmessage-length=0 -MMD -MP -MF"sevensegment.d" -MT"sevensegment.d" -o "sevensegment.o" "../sevensegment.cpp"
Finished building: ../sevensegment.cpp
 
Building target: libpocketcalculatorlib.a
Invoking: GCC Archiver
ar -r  "libpocketcalculatorlib.a"  ./calc.o ./pocketcalculator.o ./sevensegment.o   
ar: creating libpocketcalculatorlib.a
Finished building target: libpocketcalculatorlib.a
 
19:28:54 **** Incremental Build of configuration Debug for project testPocketcalculatorlib ****
make all 
make: Warning: File `/home/hsr/prog3/e3/testPocketcalculatorlib/cute/cute.h' has modification time 1.7e+03 s in the future
Building file: ../src/Test.cpp
Invoking: GCC C++ Compiler
g++ -I"/home/hsr/prog3/e3/pocketcalculatorlib" -I"/home/hsr/prog3/e3/testPocketcalculatorlib/cute" -O0 -g3 -Wall -c -fmessage-length=0 -MMD -MP -MF"src/Test.d" -MT"src/Test.d" -o "src/Test.o" "../src/Test.cpp"
Finished building: ../src/Test.cpp
 
Building target: testPocketcalculatorlib
Invoking: GCC C++ Linker
g++ -L"/home/hsr/prog3/e3/pocketcalculatorlib/Debug" -o "testPocketcalculatorlib"  ./src/Test.o   -lpocketcalculatorlib
Finished building target: testPocketcalculatorlib
 
make: warning:  Clock skew detected.  Your build may be incomplete.
19:29:15 **** Incremental Build of configuration Debug for project pocketcalculatorlib ****
make all 
Building file: ../calc.cpp
Invoking: GCC C++ Compiler
g++ -O0 -g3 -Wall -c -fmessage-length=0 -MMD -MP -MF"calc.d" -MT"calc.d" -o "calc.o" "../calc.cpp"
Finished building: ../calc.cpp
 
Building file: ../pocketcalculator.cpp
Invoking: GCC C++ Compiler
g++ -O0 -g3 -Wall -c -fmessage-length=0 -MMD -MP -MF"pocketcalculator.d" -MT"pocketcalculator.d" -o "pocketcalculator.o" "../pocketcalculator.cpp"
Finished building: ../pocketcalculator.cpp
 
Building file: ../sevensegment.cpp
Invoking: GCC C++ Compiler
g++ -O0 -g3 -Wall -c -fmessage-length=0 -MMD -MP -MF"sevensegment.d" -MT"sevensegment.d" -o "sevensegment.o" "../sevensegment.cpp"
Finished building: ../sevensegment.cpp
 
Building target: libpocketcalculatorlib.a
Invoking: GCC Archiver
ar -r  "libpocketcalculatorlib.a"  ./calc.o ./pocketcalculator.o ./sevensegment.o   
ar: creating libpocketcalculatorlib.a
Finished building target: libpocketcalculatorlib.a
 
19:29:17 **** Incremental Build of configuration Debug for project pocketcalculatorlib ****
make all 
Building file: ../calc.cpp
Invoking: GCC C++ Compiler
g++ -O0 -g3 -Wall -c -fmessage-length=0 -MMD -MP -MF"calc.d" -MT"calc.d" -o "calc.o" "../calc.cpp"
Finished building: ../calc.cpp
 
Building file: ../pocketcalculator.cpp
Invoking: GCC C++ Compiler
g++ -O0 -g3 -Wall -c -fmessage-length=0 -MMD -MP -MF"pocketcalculator.d" -MT"pocketcalculator.d" -o "pocketcalculator.o" "../pocketcalculator.cpp"
Finished building: ../pocketcalculator.cpp
 
Building file: ../sevensegment.cpp
Invoking: GCC C++ Compiler
g++ -O0 -g3 -Wall -c -fmessage-length=0 -MMD -MP -MF"sevensegment.d" -MT"sevensegment.d" -o "sevensegment.o" "../sevensegment.cpp"
Finished building: ../sevensegment.cpp
 
Building target: libpocketcalculatorlib.a
Invoking: GCC Archiver
ar -r  "libpocketcalculatorlib.a"  ./calc.o ./pocketcalculator.o ./sevensegment.o   
ar: creating libpocketcalculatorlib.a
Finished building target: libpocketcalculatorlib.a
 
19:29:18 **** Incremental Build of configuration Debug for project testPocketcalculatorlib ****
make all 
make: Warning: File `/home/hsr/prog3/e3/testPocketcalculatorlib/cute/cute.h' has modification time 1.7e+03 s in the future
Building file: ../src/Test.cpp
Invoking: GCC C++ Compiler
g++ -I"/home/hsr/prog3/e3/pocketcalculatorlib" -I"/home/hsr/prog3/e3/testPocketcalculatorlib/cute" -O0 -g3 -Wall -c -fmessage-length=0 -MMD -MP -MF"src/Test.d" -MT"src/Test.d" -o "src/Test.o" "../src/Test.cpp"
Finished building: ../src/Test.cpp
 
Building target: testPocketcalculatorlib
Invoking: GCC C++ Linker
g++ -L"/home/hsr/prog3/e3/pocketcalculatorlib/Debug" -o "testPocketcalculatorlib"  ./src/Test.o   -lpocketcalculatorlib
Finished building target: testPocketcalculatorlib
 
make: warning:  Clock skew detected.  Your build may be incomplete.
19:29:37 **** Incremental Build of configuration Debug for project pocketcalculatorlib ****
make all 
Building file: ../calc.cpp
Invoking: GCC C++ Compiler
g++ -O0 -g3 -Wall -c -fmessage-length=0 -MMD -MP -MF"calc.d" -MT"calc.d" -o "calc.o" "../calc.cpp"
Finished building: ../calc.cpp
 
Building file: ../pocketcalculator.cpp
Invoking: GCC C++ Compiler
g++ -O0 -g3 -Wall -c -fmessage-length=0 -MMD -MP -MF"pocketcalculator.d" -MT"pocketcalculator.d" -o "pocketcalculator.o" "../pocketcalculator.cpp"
Finished building: ../pocketcalculator.cpp
 
Building file: ../sevensegment.cpp
Invoking: GCC C++ Compiler
g++ -O0 -g3 -Wall -c -fmessage-length=0 -MMD -MP -MF"sevensegment.d" -MT"sevensegment.d" -o "sevensegment.o" "../sevensegment.cpp"
Finished building: ../sevensegment.cpp
 
Building target: libpocketcalculatorlib.a
Invoking: GCC Archiver
ar -r  "libpocketcalculatorlib.a"  ./calc.o ./pocketcalculator.o ./sevensegment.o   
ar: creating libpocketcalculatorlib.a
Finished building target: libpocketcalculatorlib.a
 
19:29:38 **** Incremental Build of configuration Debug for project pocketcalculatorlib ****
make all 
Building file: ../calc.cpp
Invoking: GCC C++ Compiler
g++ -O0 -g3 -Wall -c -fmessage-length=0 -MMD -MP -MF"calc.d" -MT"calc.d" -o "calc.o" "../calc.cpp"
Finished building: ../calc.cpp
 
Building file: ../pocketcalculator.cpp
Invoking: GCC C++ Compiler
g++ -O0 -g3 -Wall -c -fmessage-length=0 -MMD -MP -MF"pocketcalculator.d" -MT"pocketcalculator.d" -o "pocketcalculator.o" "../pocketcalculator.cpp"
Finished building: ../pocketcalculator.cpp
 
Building file: ../sevensegment.cpp
Invoking: GCC C++ Compiler
g++ -O0 -g3 -Wall -c -fmessage-length=0 -MMD -MP -MF"sevensegment.d" -MT"sevensegment.d" -o "sevensegment.o" "../sevensegment.cpp"
Finished building: ../sevensegment.cpp
 
Building target: libpocketcalculatorlib.a
Invoking: GCC Archiver
ar -r  "libpocketcalculatorlib.a"  ./calc.o ./pocketcalculator.o ./sevensegment.o   
ar: creating libpocketcalculatorlib.a
Finished building target: libpocketcalculatorlib.a
 
19:29:40 **** Incremental Build of configuration Debug for project testPocketcalculatorlib ****
make all 
make: Warning: File `/home/hsr/prog3/e3/testPocketcalculatorlib/cute/cute.h' has modification time 1.6e+03 s in the future
Building file: ../src/Test.cpp
Invoking: GCC C++ Compiler
g++ -I"/home/hsr/prog3/e3/pocketcalculatorlib" -I"/home/hsr/prog3/e3/testPocketcalculatorlib/cute" -O0 -g3 -Wall -c -fmessage-length=0 -MMD -MP -MF"src/Test.d" -MT"src/Test.d" -o "src/Test.o" "../src/Test.cpp"
Finished building: ../src/Test.cpp
 
Building target: testPocketcalculatorlib
Invoking: GCC C++ Linker
g++ -L"/home/hsr/prog3/e3/pocketcalculatorlib/Debug" -o "testPocketcalculatorlib"  ./src/Test.o   -lpocketcalculatorlib
Finished building target: testPocketcalculatorlib
 
make: warning:  Clock skew detected.  Your build may be incomplete.
