19:29:38 **** Incremental Build of configuration Debug for project pocketcalculatorlib ****
make all 
Building file: ../calc.cpp
Invoking: GCC C++ Compiler
g++ -O0 -g3 -Wall -c -fmessage-length=0 -MMD -MP -MF"calc.d" -MT"calc.d" -o "calc.o" "../calc.cpp"
Finished building: ../calc.cpp
 
Building file: ../pocketcalculator.cpp
Invoking: GCC C++ Compiler
g++ -O0 -g3 -Wall -c -fmessage-length=0 -MMD -MP -MF"pocketcalculator.d" -MT"pocketcalculator.d" -o "pocketcalculator.o" "../pocketcalculator.cpp"
Finished building: ../pocketcalculator.cpp
 
Building file: ../sevensegment.cpp
Invoking: GCC C++ Compiler
g++ -O0 -g3 -Wall -c -fmessage-length=0 -MMD -MP -MF"sevensegment.d" -MT"sevensegment.d" -o "sevensegment.o" "../sevensegment.cpp"
Finished building: ../sevensegment.cpp
 
Building target: libpocketcalculatorlib.a
Invoking: GCC Archiver
ar -r  "libpocketcalculatorlib.a"  ./calc.o ./pocketcalculator.o ./sevensegment.o   
ar: creating libpocketcalculatorlib.a
Finished building target: libpocketcalculatorlib.a
 

19:29:40 Build Finished (took 1s.355ms)

