10:57:16 **** Incremental Build of configuration Debug for project calc ****
make all 
make: Nothing to be done for `all'.
10:57:16 **** Build of configuration Debug for project testCalc ****
make all 
Building file: ../src/Test.cpp
Invoking: GCC C++ Compiler
g++ -I"/home/hsr/prog3/e2/calc" -I"/home/hsr/prog3/e2/testCalc/cute" -O0 -g3 -Wall -c -fmessage-length=0 -MMD -MP -MF"src/Test.d" -MT"src/Test.d" -o "src/Test.o" "../src/Test.cpp"
Finished building: ../src/Test.cpp
 
Building target: testCalc
Invoking: GCC C++ Linker
g++ -L"/home/hsr/prog3/e2/calc/Debug" -o "testCalc"  ./src/Test.o   -lcalc
Finished building target: testCalc
 
10:57:20 **** Incremental Build of configuration Debug for project bcs ****
make all 
Building file: ../bcs.cpp
Invoking: GCC C++ Compiler
g++ -O0 -g3 -Wall -c -fmessage-length=0 -MMD -MP -MF"bcs.d" -MT"bcs.d" -o "bcs.o" "../bcs.cpp"
Finished building: ../bcs.cpp
 
Building target: libbcs.a
Invoking: GCC Archiver
ar -r  "libbcs.a"  ./bcs.o   
ar: creating libbcs.a
Finished building target: libbcs.a
 
10:57:21 **** Incremental Build of configuration Debug for project bcs ****
make all 
Building file: ../bcs.cpp
Invoking: GCC C++ Compiler
g++ -O0 -g3 -Wall -c -fmessage-length=0 -MMD -MP -MF"bcs.d" -MT"bcs.d" -o "bcs.o" "../bcs.cpp"
Finished building: ../bcs.cpp
 
Building target: libbcs.a
Invoking: GCC Archiver
ar -r  "libbcs.a"  ./bcs.o   
ar: creating libbcs.a
Finished building target: libbcs.a
 
10:57:21 **** Incremental Build of configuration Debug for project testBcs ****
make all 
Building target: testBcs
Invoking: GCC C++ Linker
g++ -L"/home/hsr/prog3/e2/bcs/Debug" -o "testBcs"  ./src/Test.o   -lbcs
Finished building target: testBcs
 
10:57:29 **** Incremental Build of configuration Debug for project calc ****
make all 
make: Nothing to be done for `all'.
10:57:29 **** Incremental Build of configuration Debug for project calc ****
make all 
make: Nothing to be done for `all'.
10:57:29 **** Incremental Build of configuration Debug for project testCalc ****
make all 
make: Nothing to be done for `all'.
