20:32:15 **** Build of configuration Debug for project HelloWorld3 ****
make all 
Building file: ../src/mainsayhello.cpp
Invoking: GCC C++ Compiler
g++ -O0 -g3 -Wall -c -fmessage-length=0 -MMD -MP -MF"src/mainsayhello.d" -MT"src/mainsayhello.d" -o "src/mainsayhello.o" "../src/mainsayhello.cpp"
Finished building: ../src/mainsayhello.cpp
 
Building file: ../src/sayhello.cpp
Invoking: GCC C++ Compiler
g++ -O0 -g3 -Wall -c -fmessage-length=0 -MMD -MP -MF"src/sayhello.d" -MT"src/sayhello.d" -o "src/sayhello.o" "../src/sayhello.cpp"
Finished building: ../src/sayhello.cpp
 
Building target: libHelloWorld3.a
Invoking: GCC Archiver
ar -r  "libHelloWorld3.a"  ./src/mainsayhello.o ./src/sayhello.o   
ar: creating libHelloWorld3.a
Finished building target: libHelloWorld3.a
 
20:32:28 **** Incremental Build of configuration Debug for project HelloWorld ****
make all 
Building file: ../src/HelloWorld.cpp
Invoking: GCC C++ Compiler
g++ -O0 -g3 -Wall -c -fmessage-length=0 -MMD -MP -MF"src/HelloWorld.d" -MT"src/HelloWorld.d" -o "src/HelloWorld.o" "../src/HelloWorld.cpp"
Finished building: ../src/HelloWorld.cpp
 
Building target: HelloWorld
Invoking: GCC C++ Linker
g++  -o "HelloWorld"  ./src/HelloWorld.o   
Finished building target: HelloWorld
 
20:32:28 **** Incremental Build of configuration Debug for project HelloWorld2 ****
make all 
make: Nothing to be done for `all'.
20:32:28 **** Incremental Build of configuration Debug for project HelloWorld3 ****
make all 
make: Nothing to be done for `all'.
20:33:43 **** Incremental Build of configuration Debug for project HelloWorld ****
make all 
make: Nothing to be done for `all'.
20:33:44 **** Incremental Build of configuration Debug for project HelloWorld2 ****
make all 
make: Nothing to be done for `all'.
20:33:44 **** Incremental Build of configuration Debug for project HelloWorld3 ****
make all 
make: Nothing to be done for `all'.
20:33:44 **** Build of configuration Debug for project TestHelloWorld3 ****
make all 
Building file: ../src/Test.cpp
Invoking: GCC C++ Compiler
g++ -I"/home/hsr/c++-workspace/HelloWorld3" -I"/home/hsr/c++-workspace/TestHelloWorld3/cute" -O0 -g3 -Wall -c -fmessage-length=0 -MMD -MP -MF"src/Test.d" -MT"src/Test.d" -o "src/Test.o" "../src/Test.cpp"
../src/Test.cpp:6:22: fatal error: sayhello.h: No such file or directory
 #include "sayhello.h"
                      ^
compilation terminated.
make: *** [src/Test.o] Error 1
20:33:50 **** Incremental Build of configuration Debug for project HelloWorld3 ****
make all 
make: Nothing to be done for `all'.
20:33:50 **** Incremental Build of configuration Debug for project HelloWorld3 ****
make all 
make: Nothing to be done for `all'.
20:33:50 **** Incremental Build of configuration Debug for project TestHelloWorld3 ****
make all 
Building file: ../src/Test.cpp
Invoking: GCC C++ Compiler
g++ -I"/home/hsr/c++-workspace/HelloWorld3" -I"/home/hsr/c++-workspace/TestHelloWorld3/cute" -O0 -g3 -Wall -c -fmessage-length=0 -MMD -MP -MF"src/Test.d" -MT"src/Test.d" -o "src/Test.o" "../src/Test.cpp"
../src/Test.cpp:6:22: fatal error: sayhello.h: No such file or directory
 #include "sayhello.h"
                      ^
compilation terminated.
make: *** [src/Test.o] Error 1
20:37:34 **** Incremental Build of configuration Debug for project HelloWorld ****
make all 
make: Nothing to be done for `all'.
20:37:34 **** Incremental Build of configuration Debug for project HelloWorld2 ****
make all 
make: Nothing to be done for `all'.
20:37:34 **** Incremental Build of configuration Debug for project HelloWorld3 ****
make all 
Building file: ../mainsayhello.cpp
Invoking: GCC C++ Compiler
g++ -O0 -g3 -Wall -c -fmessage-length=0 -MMD -MP -MF"mainsayhello.d" -MT"mainsayhello.d" -o "mainsayhello.o" "../mainsayhello.cpp"
Finished building: ../mainsayhello.cpp
 
Building file: ../sayhello.cpp
Invoking: GCC C++ Compiler
g++ -O0 -g3 -Wall -c -fmessage-length=0 -MMD -MP -MF"sayhello.d" -MT"sayhello.d" -o "sayhello.o" "../sayhello.cpp"
Finished building: ../sayhello.cpp
 
Building target: libHelloWorld3.a
Invoking: GCC Archiver
ar -r  "libHelloWorld3.a"  ./mainsayhello.o ./sayhello.o   
ar: creating libHelloWorld3.a
Finished building target: libHelloWorld3.a
 
20:37:35 **** Build of configuration Debug for project HelloWorld4 ****
make all 
Building file: ../mainsayhello.cpp
Invoking: GCC C++ Compiler
g++ -O0 -g3 -Wall -c -fmessage-length=0 -MMD -MP -MF"mainsayhello.d" -MT"mainsayhello.d" -o "mainsayhello.o" "../mainsayhello.cpp"
Finished building: ../mainsayhello.cpp
 
Building file: ../sayhello.cpp
Invoking: GCC C++ Compiler
g++ -O0 -g3 -Wall -c -fmessage-length=0 -MMD -MP -MF"sayhello.d" -MT"sayhello.d" -o "sayhello.o" "../sayhello.cpp"
Finished building: ../sayhello.cpp
 
Building target: libHelloWorld4.so
Invoking: GCC C++ Linker
g++ -shared -o "libHelloWorld4.so"  ./mainsayhello.o ./sayhello.o   
/usr/bin/ld: ./mainsayhello.o: relocation R_X86_64_32 against `_ZSt4cout' can not be used when making a shared object; recompile with -fPIC
./mainsayhello.o: error adding symbols: Bad value
collect2: error: ld returned 1 exit status
make: *** [libHelloWorld4.so] Error 1
20:37:35 **** Build of configuration Debug for project TestHelloWorld3 ****
make all 
Building file: ../src/Test.cpp
Invoking: GCC C++ Compiler
g++ -I"/home/hsr/c++-workspace/HelloWorld3" -I"/home/hsr/c++-workspace/TestHelloWorld3/cute" -O0 -g3 -Wall -c -fmessage-length=0 -MMD -MP -MF"src/Test.d" -MT"src/Test.d" -o "src/Test.o" "../src/Test.cpp"
Finished building: ../src/Test.cpp
 
Building target: TestHelloWorld3
Invoking: GCC C++ Linker
g++ -L"/home/hsr/c++-workspace/HelloWorld3/Debug" -o "TestHelloWorld3"  ./src/Test.o   -lHelloWorld3
Finished building target: TestHelloWorld3
 
20:37:40 **** Clean-only build of configuration Debug for project HelloWorld3 ****
make clean 
rm -rf  ./mainsayhello.o ./sayhello.o  ./mainsayhello.d ./sayhello.d  libHelloWorld3.a
 
20:37:40 **** Incremental Build of configuration Debug for project HelloWorld3 ****
make all 
Building file: ../mainsayhello.cpp
Invoking: GCC C++ Compiler
g++ -O0 -g3 -Wall -c -fmessage-length=0 -MMD -MP -MF"mainsayhello.d" -MT"mainsayhello.d" -o "mainsayhello.o" "../mainsayhello.cpp"
Finished building: ../mainsayhello.cpp
 
Building file: ../sayhello.cpp
Invoking: GCC C++ Compiler
g++ -O0 -g3 -Wall -c -fmessage-length=0 -MMD -MP -MF"sayhello.d" -MT"sayhello.d" -o "sayhello.o" "../sayhello.cpp"
Finished building: ../sayhello.cpp
 
Building target: libHelloWorld3.a
Invoking: GCC Archiver
ar -r  "libHelloWorld3.a"  ./mainsayhello.o ./sayhello.o   
ar: creating libHelloWorld3.a
Finished building target: libHelloWorld3.a
 
20:37:41 **** Incremental Build of configuration Debug for project HelloWorld3 ****
make all 
Building file: ../mainsayhello.cpp
Invoking: GCC C++ Compiler
g++ -O0 -g3 -Wall -c -fmessage-length=0 -MMD -MP -MF"mainsayhello.d" -MT"mainsayhello.d" -o "mainsayhello.o" "../mainsayhello.cpp"
Finished building: ../mainsayhello.cpp
 
Building file: ../sayhello.cpp
Invoking: GCC C++ Compiler
g++ -O0 -g3 -Wall -c -fmessage-length=0 -MMD -MP -MF"sayhello.d" -MT"sayhello.d" -o "sayhello.o" "../sayhello.cpp"
Finished building: ../sayhello.cpp
 
Building target: libHelloWorld3.a
Invoking: GCC Archiver
ar -r  "libHelloWorld3.a"  ./mainsayhello.o ./sayhello.o   
ar: creating libHelloWorld3.a
Finished building target: libHelloWorld3.a
 
20:37:41 **** Incremental Build of configuration Debug for project TestHelloWorld3 ****
make all 
Building target: TestHelloWorld3
Invoking: GCC C++ Linker
g++ -L"/home/hsr/c++-workspace/HelloWorld3/Debug" -o "TestHelloWorld3"  ./src/Test.o   -lHelloWorld3
Finished building target: TestHelloWorld3
 
20:37:53 **** Incremental Build of configuration Debug for project HelloWorld3 ****
make all 
Building file: ../mainsayhello.cpp
Invoking: GCC C++ Compiler
g++ -O0 -g3 -Wall -c -fmessage-length=0 -MMD -MP -MF"mainsayhello.d" -MT"mainsayhello.d" -o "mainsayhello.o" "../mainsayhello.cpp"
Finished building: ../mainsayhello.cpp
 
Building file: ../sayhello.cpp
Invoking: GCC C++ Compiler
g++ -O0 -g3 -Wall -c -fmessage-length=0 -MMD -MP -MF"sayhello.d" -MT"sayhello.d" -o "sayhello.o" "../sayhello.cpp"
Finished building: ../sayhello.cpp
 
Building target: libHelloWorld3.a
Invoking: GCC Archiver
ar -r  "libHelloWorld3.a"  ./mainsayhello.o ./sayhello.o   
ar: creating libHelloWorld3.a
Finished building target: libHelloWorld3.a
 
20:37:53 **** Incremental Build of configuration Debug for project HelloWorld3 ****
make all 
Building file: ../mainsayhello.cpp
Invoking: GCC C++ Compiler
g++ -O0 -g3 -Wall -c -fmessage-length=0 -MMD -MP -MF"mainsayhello.d" -MT"mainsayhello.d" -o "mainsayhello.o" "../mainsayhello.cpp"
Finished building: ../mainsayhello.cpp
 
Building file: ../sayhello.cpp
Invoking: GCC C++ Compiler
g++ -O0 -g3 -Wall -c -fmessage-length=0 -MMD -MP -MF"sayhello.d" -MT"sayhello.d" -o "sayhello.o" "../sayhello.cpp"
Finished building: ../sayhello.cpp
 
Building target: libHelloWorld3.a
Invoking: GCC Archiver
ar -r  "libHelloWorld3.a"  ./mainsayhello.o ./sayhello.o   
ar: creating libHelloWorld3.a
Finished building target: libHelloWorld3.a
 
20:37:54 **** Incremental Build of configuration Debug for project TestHelloWorld3 ****
make all 
Building file: ../src/Test.cpp
Invoking: GCC C++ Compiler
g++ -I"/home/hsr/c++-workspace/HelloWorld3" -I"/home/hsr/c++-workspace/TestHelloWorld3/cute" -O0 -g3 -Wall -c -fmessage-length=0 -MMD -MP -MF"src/Test.d" -MT"src/Test.d" -o "src/Test.o" "../src/Test.cpp"
Finished building: ../src/Test.cpp
 
Building target: TestHelloWorld3
Invoking: GCC C++ Linker
g++ -L"/home/hsr/c++-workspace/HelloWorld3/Debug" -o "TestHelloWorld3"  ./src/Test.o   -lHelloWorld3
Finished building target: TestHelloWorld3
 
20:38:13 **** Incremental Build of configuration Debug for project HelloWorld3 ****
make all 
Building file: ../mainsayhello.cpp
Invoking: GCC C++ Compiler
g++ -O0 -g3 -Wall -c -fmessage-length=0 -MMD -MP -MF"mainsayhello.d" -MT"mainsayhello.d" -o "mainsayhello.o" "../mainsayhello.cpp"
Finished building: ../mainsayhello.cpp
 
Building file: ../sayhello.cpp
Invoking: GCC C++ Compiler
g++ -O0 -g3 -Wall -c -fmessage-length=0 -MMD -MP -MF"sayhello.d" -MT"sayhello.d" -o "sayhello.o" "../sayhello.cpp"
Finished building: ../sayhello.cpp
 
Building target: libHelloWorld3.a
Invoking: GCC Archiver
ar -r  "libHelloWorld3.a"  ./mainsayhello.o ./sayhello.o   
ar: creating libHelloWorld3.a
Finished building target: libHelloWorld3.a
 
20:38:14 **** Incremental Build of configuration Debug for project HelloWorld3 ****
make all 
Building file: ../mainsayhello.cpp
Invoking: GCC C++ Compiler
g++ -O0 -g3 -Wall -c -fmessage-length=0 -MMD -MP -MF"mainsayhello.d" -MT"mainsayhello.d" -o "mainsayhello.o" "../mainsayhello.cpp"
Finished building: ../mainsayhello.cpp
 
Building file: ../sayhello.cpp
Invoking: GCC C++ Compiler
g++ -O0 -g3 -Wall -c -fmessage-length=0 -MMD -MP -MF"sayhello.d" -MT"sayhello.d" -o "sayhello.o" "../sayhello.cpp"
Finished building: ../sayhello.cpp
 
Building target: libHelloWorld3.a
Invoking: GCC Archiver
ar -r  "libHelloWorld3.a"  ./mainsayhello.o ./sayhello.o   
ar: creating libHelloWorld3.a
Finished building target: libHelloWorld3.a
 
20:38:15 **** Incremental Build of configuration Debug for project TestHelloWorld3 ****
make all 
Building file: ../src/Test.cpp
Invoking: GCC C++ Compiler
g++ -I"/home/hsr/c++-workspace/HelloWorld3" -I"/home/hsr/c++-workspace/TestHelloWorld3/cute" -O0 -g3 -Wall -c -fmessage-length=0 -MMD -MP -MF"src/Test.d" -MT"src/Test.d" -o "src/Test.o" "../src/Test.cpp"
Finished building: ../src/Test.cpp
 
Building target: TestHelloWorld3
Invoking: GCC C++ Linker
g++ -L"/home/hsr/c++-workspace/HelloWorld3/Debug" -o "TestHelloWorld3"  ./src/Test.o   -lHelloWorld3
Finished building target: TestHelloWorld3
 
20:39:13 **** Incremental Build of configuration Debug for project HelloWorld3 ****
make all 
Building file: ../mainsayhello.cpp
Invoking: GCC C++ Compiler
g++ -O0 -g3 -Wall -c -fmessage-length=0 -MMD -MP -MF"mainsayhello.d" -MT"mainsayhello.d" -o "mainsayhello.o" "../mainsayhello.cpp"
Finished building: ../mainsayhello.cpp
 
Building file: ../sayhello.cpp
Invoking: GCC C++ Compiler
g++ -O0 -g3 -Wall -c -fmessage-length=0 -MMD -MP -MF"sayhello.d" -MT"sayhello.d" -o "sayhello.o" "../sayhello.cpp"
Finished building: ../sayhello.cpp
 
Building target: libHelloWorld3.a
Invoking: GCC Archiver
ar -r  "libHelloWorld3.a"  ./mainsayhello.o ./sayhello.o   
ar: creating libHelloWorld3.a
Finished building target: libHelloWorld3.a
 
20:39:14 **** Incremental Build of configuration Debug for project HelloWorld3 ****
make all 
Building file: ../mainsayhello.cpp
Invoking: GCC C++ Compiler
g++ -O0 -g3 -Wall -c -fmessage-length=0 -MMD -MP -MF"mainsayhello.d" -MT"mainsayhello.d" -o "mainsayhello.o" "../mainsayhello.cpp"
Finished building: ../mainsayhello.cpp
 
Building file: ../sayhello.cpp
Invoking: GCC C++ Compiler
g++ -O0 -g3 -Wall -c -fmessage-length=0 -MMD -MP -MF"sayhello.d" -MT"sayhello.d" -o "sayhello.o" "../sayhello.cpp"
Finished building: ../sayhello.cpp
 
Building target: libHelloWorld3.a
Invoking: GCC Archiver
ar -r  "libHelloWorld3.a"  ./mainsayhello.o ./sayhello.o   
ar: creating libHelloWorld3.a
Finished building target: libHelloWorld3.a
 
20:39:14 **** Incremental Build of configuration Debug for project TestHelloWorld3 ****
make all 
Building file: ../src/Test.cpp
Invoking: GCC C++ Compiler
g++ -I"/home/hsr/c++-workspace/HelloWorld3" -I"/home/hsr/c++-workspace/TestHelloWorld3/cute" -O0 -g3 -Wall -c -fmessage-length=0 -MMD -MP -MF"src/Test.d" -MT"src/Test.d" -o "src/Test.o" "../src/Test.cpp"
Finished building: ../src/Test.cpp
 
Building target: TestHelloWorld3
Invoking: GCC C++ Linker
g++ -L"/home/hsr/c++-workspace/HelloWorld3/Debug" -o "TestHelloWorld3"  ./src/Test.o   -lHelloWorld3
Finished building target: TestHelloWorld3
 
20:39:53 **** Incremental Build of configuration Debug for project HelloWorld3 ****
make all 
Building file: ../mainsayhello.cpp
Invoking: GCC C++ Compiler
g++ -O0 -g3 -Wall -c -fmessage-length=0 -MMD -MP -MF"mainsayhello.d" -MT"mainsayhello.d" -o "mainsayhello.o" "../mainsayhello.cpp"
Finished building: ../mainsayhello.cpp
 
Building file: ../sayhello.cpp
Invoking: GCC C++ Compiler
g++ -O0 -g3 -Wall -c -fmessage-length=0 -MMD -MP -MF"sayhello.d" -MT"sayhello.d" -o "sayhello.o" "../sayhello.cpp"
Finished building: ../sayhello.cpp
 
Building target: libHelloWorld3.a
Invoking: GCC Archiver
ar -r  "libHelloWorld3.a"  ./mainsayhello.o ./sayhello.o   
ar: creating libHelloWorld3.a
Finished building target: libHelloWorld3.a
 
20:39:53 **** Incremental Build of configuration Debug for project HelloWorld3 ****
make all 
Building file: ../mainsayhello.cpp
Invoking: GCC C++ Compiler
g++ -O0 -g3 -Wall -c -fmessage-length=0 -MMD -MP -MF"mainsayhello.d" -MT"mainsayhello.d" -o "mainsayhello.o" "../mainsayhello.cpp"
Finished building: ../mainsayhello.cpp
 
Building file: ../sayhello.cpp
Invoking: GCC C++ Compiler
g++ -O0 -g3 -Wall -c -fmessage-length=0 -MMD -MP -MF"sayhello.d" -MT"sayhello.d" -o "sayhello.o" "../sayhello.cpp"
Finished building: ../sayhello.cpp
 
Building target: libHelloWorld3.a
Invoking: GCC Archiver
ar -r  "libHelloWorld3.a"  ./mainsayhello.o ./sayhello.o   
ar: creating libHelloWorld3.a
Finished building target: libHelloWorld3.a
 
20:39:54 **** Incremental Build of configuration Debug for project TestHelloWorld3 ****
make all 
Building target: TestHelloWorld3
Invoking: GCC C++ Linker
g++ -L"/home/hsr/c++-workspace/HelloWorld3/Debug" -o "TestHelloWorld3"  ./src/Test.o   -lHelloWorld3
Finished building target: TestHelloWorld3
 
20:39:57 **** Incremental Build of configuration Debug for project HelloWorld ****
make all 
make: Nothing to be done for `all'.
20:39:58 **** Incremental Build of configuration Debug for project HelloWorld2 ****
make all 
make: Nothing to be done for `all'.
20:39:58 **** Incremental Build of configuration Debug for project HelloWorld3 ****
make all 
Building file: ../mainsayhello.cpp
Invoking: GCC C++ Compiler
g++ -O0 -g3 -Wall -c -fmessage-length=0 -MMD -MP -MF"mainsayhello.d" -MT"mainsayhello.d" -o "mainsayhello.o" "../mainsayhello.cpp"
Finished building: ../mainsayhello.cpp
 
Building file: ../sayhello.cpp
Invoking: GCC C++ Compiler
g++ -O0 -g3 -Wall -c -fmessage-length=0 -MMD -MP -MF"sayhello.d" -MT"sayhello.d" -o "sayhello.o" "../sayhello.cpp"
Finished building: ../sayhello.cpp
 
Building target: libHelloWorld3.a
Invoking: GCC Archiver
ar -r  "libHelloWorld3.a"  ./mainsayhello.o ./sayhello.o   
ar: creating libHelloWorld3.a
Finished building target: libHelloWorld3.a
 
20:39:58 **** Incremental Build of configuration Debug for project HelloWorld4 ****
make all 
Building target: libHelloWorld4.so
Invoking: GCC C++ Linker
g++ -shared -o "libHelloWorld4.so"  ./mainsayhello.o ./sayhello.o   
/usr/bin/ld: ./mainsayhello.o: relocation R_X86_64_32 against `_ZSt4cout' can not be used when making a shared object; recompile with -fPIC
./mainsayhello.o: error adding symbols: Bad value
collect2: error: ld returned 1 exit status
make: *** [libHelloWorld4.so] Error 1
20:39:58 **** Incremental Build of configuration Debug for project TestHelloWorld3 ****
make all 
Building target: TestHelloWorld3
Invoking: GCC C++ Linker
g++ -L"/home/hsr/c++-workspace/HelloWorld3/Debug" -o "TestHelloWorld3"  ./src/Test.o   -lHelloWorld3
Finished building target: TestHelloWorld3
 
20:39:59 **** Build of configuration Debug for project TestHelloWorld4 ****
make all 
Building file: ../src/Test.cpp
Invoking: GCC C++ Compiler
g++ -I"/home/hsr/c++-workspace/HelloWorld4" -I"/home/hsr/c++-workspace/TestHelloWorld4/cute" -O0 -g3 -Wall -c -fmessage-length=0 -MMD -MP -MF"src/Test.d" -MT"src/Test.d" -o "src/Test.o" "../src/Test.cpp"
Finished building: ../src/Test.cpp
 
Building target: TestHelloWorld4
Invoking: GCC C++ Linker
g++ -L"/home/hsr/c++-workspace/HelloWorld4/Debug" -o "TestHelloWorld4"  ./src/Test.o   -lHelloWorld4
/usr/bin/ld: cannot find -lHelloWorld4
collect2: error: ld returned 1 exit status
make: *** [TestHelloWorld4] Error 1
20:43:58 **** Incremental Build of configuration Debug for project HelloWorld3 ****
make all 
make: Nothing to be done for `all'.
20:43:58 **** Incremental Build of configuration Debug for project HelloWorld3 ****
make all 
make: Nothing to be done for `all'.
20:43:58 **** Incremental Build of configuration Debug for project TestHelloWorld3 ****
make all 
make: Nothing to be done for `all'.
19:23:02 **** Build of configuration Debug for project HelloWorld3 ****
make all 
make: Nothing to be done for `all'.
19:23:02 **** Incremental Build of configuration Debug for project HelloWorld3 ****
make all 
make: Nothing to be done for `all'.
19:23:02 **** Build of configuration Debug for project TestHelloWorld3 ****
make all 
make: Nothing to be done for `all'.
